<?xml version="1.0" encoding="UTF-8"?>
<!-- Generated by org.testng.reporters.JUnitReportReporter -->
<testsuite skipped="0" hostname="DESKTOP-ICIKI7T" name="acmepAccount.AcmepACLogin" tests="1" failures="0" timestamp="12 Oct 2019 09:41:05 GMT" time="22.076" errors="0">
  <testcase name="acmepLogin" time="22.076" classname="acmepAccount.AcmepACLogin"/>
</testsuite> <!-- acmepAccount.AcmepACLogin -->
